<?xml version="1.0" encoding="UTF-8"?>
<!-- Generated by org.testng.reporters.JUnitReportReporter -->
<testsuite hostname="DESKTOP-QFT2MN2" failures="0" tests="1" name="qa.automation.SuccessfulLoginTest" time="0.000" errors="0" timestamp="2022-04-03T15:12:53 EEST" skipped="1">
  <testcase classname="qa.automation.SuccessfulLoginTest" name="SuccessfulLogin" time="0.000">
    <skipped/>
  </testcase> <!-- SuccessfulLogin -->
  <system-out/>
</testsuite> <!-- qa.automation.SuccessfulLoginTest -->
